<?xml version="1.0" encoding="UTF-8"?>
<!-- Generated by org.testng.reporters.JUnitXMLReporter -->
<testsuite hostname="GOT500VI75512" ignored="49" name="ADMIN_FLOW" tests="1" failures="0" timestamp="24 okt 2018 06:58:43 GMT" time="56.66" errors="0">
  <testcase name="ADMIN_SCANNEDGOODS" time="56.535" classname="com.volvo.mfg.StepDefinition.DriverSuite"/>
  <testcase name="ADMIN_MANAGEALARMS" time="0.0" classname="com.volvo.mfg.StepDefinition.DriverSuite">
    <ignored/>
  </testcase> <!-- ADMIN_MANAGEALARMS -->
  <testcase name="Vclas_ReleaseNotes" time="0.0" classname="com.volvo.mfg.StepDefinition.DriverSuite">
    <ignored/>
  </testcase> <!-- Vclas_ReleaseNotes -->
  <testcase name="V90_DELIVERV90TASKS" time="0.0" classname="com.volvo.mfg.StepDefinition.DriverSuite">
    <ignored/>
  </testcase> <!-- V90_DELIVERV90TASKS -->
  <testcase name="ADMIN_MANAGEALARMIDS" time="0.0" classname="com.volvo.mfg.StepDefinition.DriverSuite">
    <ignored/>
  </testcase> <!-- ADMIN_MANAGEALARMIDS -->
  <testcase name="CONTROL_PARAMETER" time="0.0" classname="com.volvo.mfg.StepDefinition.DriverSuite">
    <ignored/>
  </testcase> <!-- CONTROL_PARAMETER -->
  <testcase name="TUGGER" time="0.0" classname="com.volvo.mfg.StepDefinition.DriverSuite">
    <ignored/>
  </testcase> <!-- TUGGER -->
  <testcase name="AGV_Inactive_Order_Creation" time="0.0" classname="com.volvo.mfg.StepDefinition.DriverSuite">
    <ignored/>
  </testcase> <!-- AGV_Inactive_Order_Creation -->
  <testcase name="Vclas_TransportSection" time="0.0" classname="com.volvo.mfg.StepDefinition.DriverSuite">
    <ignored/>
  </testcase> <!-- Vclas_TransportSection -->
  <testcase name="AGV_PlanningStatus_AL_DELIVERY" time="0.0" classname="com.volvo.mfg.StepDefinition.DriverSuite">
    <ignored/>
  </testcase> <!-- AGV_PlanningStatus_AL_DELIVERY -->
  <testcase name="MASWEB_LDJIT_Supplier_Error_Message" time="0.0" classname="com.volvo.mfg.StepDefinition.DriverSuite">
    <ignored/>
  </testcase> <!-- MASWEB_LDJIT_Supplier_Error_Message -->
  <testcase name="Vclas_Adminstration_Tab_Health_Check_Functionality" time="0.0" classname="com.volvo.mfg.StepDefinition.DriverSuite">
    <ignored/>
  </testcase> <!-- Vclas_Adminstration_Tab_Health_Check_Functionality -->
  <testcase name="Production_Controlcodes" time="0.0" classname="com.volvo.mfg.StepDefinition.DriverSuite">
    <ignored/>
  </testcase> <!-- Production_Controlcodes -->
  <testcase name="Vclas_NodesType" time="0.0" classname="com.volvo.mfg.StepDefinition.DriverSuite">
    <ignored/>
  </testcase> <!-- Vclas_NodesType -->
  <testcase name="Vclas_Adminstration_Tab_Nodes_Functionality" time="0.0" classname="com.volvo.mfg.StepDefinition.DriverSuite">
    <ignored/>
  </testcase> <!-- Vclas_Adminstration_Tab_Nodes_Functionality -->
  <testcase name="Vclas_Adminstration_Tab_DB_Constant_Functionality" time="0.0" classname="com.volvo.mfg.StepDefinition.DriverSuite">
    <ignored/>
  </testcase> <!-- Vclas_Adminstration_Tab_DB_Constant_Functionality -->
  <testcase name="AGV_Reserve_Order_Creation" time="0.0" classname="com.volvo.mfg.StepDefinition.DriverSuite">
    <ignored/>
  </testcase> <!-- AGV_Reserve_Order_Creation -->
  <testcase name="ADMIN_SHOWTASK" time="0.0" classname="com.volvo.mfg.StepDefinition.DriverSuite">
    <ignored/>
  </testcase> <!-- ADMIN_SHOWTASK -->
  <testcase name="SIMULATOR" time="0.0" classname="com.volvo.mfg.StepDefinition.DriverSuite">
    <ignored/>
  </testcase> <!-- SIMULATOR -->
  <testcase name="AGV_RACKCHANGER_INVALID_INPUT" time="0.0" classname="com.volvo.mfg.StepDefinition.DriverSuite">
    <ignored/>
  </testcase> <!-- AGV_RACKCHANGER_INVALID_INPUT -->
  <testcase name="MASWEB_LDJIT_Place_Error_Message" time="0.0" classname="com.volvo.mfg.StepDefinition.DriverSuite">
    <ignored/>
  </testcase> <!-- MASWEB_LDJIT_Place_Error_Message -->
  <testcase name="TEST_PRINTER" time="0.0" classname="com.volvo.mfg.StepDefinition.DriverSuite">
    <ignored/>
  </testcase> <!-- TEST_PRINTER -->
  <testcase name="Vclas_Assignments_Functionality" time="0.0" classname="com.volvo.mfg.StepDefinition.DriverSuite">
    <ignored/>
  </testcase> <!-- Vclas_Assignments_Functionality -->
  <testcase name="Production_LocationCode" time="0.0" classname="com.volvo.mfg.StepDefinition.DriverSuite">
    <ignored/>
  </testcase> <!-- Production_LocationCode -->
  <testcase name="Vclas_Adminstration_Tab_Parts_Functionality" time="0.0" classname="com.volvo.mfg.StepDefinition.DriverSuite">
    <ignored/>
  </testcase> <!-- Vclas_Adminstration_Tab_Parts_Functionality -->
  <testcase name="MASWEB_LDJIT_Flow_Error_Message" time="0.0" classname="com.volvo.mfg.StepDefinition.DriverSuite">
    <ignored/>
  </testcase> <!-- MASWEB_LDJIT_Flow_Error_Message -->
  <testcase name="logintoMasweb" time="0.0" classname="com.volvo.mfg.StepDefinition.DriverSuite">
    <ignored/>
  </testcase> <!-- logintoMasweb -->
  <testcase name="Vclas_Adminstration_Tab_Nodes_Screen_Functionality" time="0.0" classname="com.volvo.mfg.StepDefinition.DriverSuite">
    <ignored/>
  </testcase> <!-- Vclas_Adminstration_Tab_Nodes_Screen_Functionality -->
  <testcase name="AGV_ASSIGNMENTLIST_DELIVERY" time="0.0" classname="com.volvo.mfg.StepDefinition.DriverSuite">
    <ignored/>
  </testcase> <!-- AGV_ASSIGNMENTLIST_DELIVERY -->
  <testcase name="MASWEB_LDJIT_Create_New_Places" time="0.0" classname="com.volvo.mfg.StepDefinition.DriverSuite">
    <ignored/>
  </testcase> <!-- MASWEB_LDJIT_Create_New_Places -->
  <testcase name="JISJIT_TUGGER" time="0.0" classname="com.volvo.mfg.StepDefinition.DriverSuite">
    <ignored/>
  </testcase> <!-- JISJIT_TUGGER -->
  <testcase name="V60_RepairStation" time="0.0" classname="com.volvo.mfg.StepDefinition.DriverSuite">
    <ignored/>
  </testcase> <!-- V60_RepairStation -->
  <testcase name="Vclas_Adminstration_Tab_User_Functionality" time="0.0" classname="com.volvo.mfg.StepDefinition.DriverSuite">
    <ignored/>
  </testcase> <!-- Vclas_Adminstration_Tab_User_Functionality -->
  <testcase name="Vclas_Nodes_MovebuttonVerify" time="0.0" classname="com.volvo.mfg.StepDefinition.DriverSuite">
    <ignored/>
  </testcase> <!-- Vclas_Nodes_MovebuttonVerify -->
  <testcase name="MASWEB_Help_Tab" time="0.0" classname="com.volvo.mfg.StepDefinition.DriverSuite">
    <ignored/>
  </testcase> <!-- MASWEB_Help_Tab -->
  <testcase name="AGV_INPROGRESS_DELIVERY" time="0.0" classname="com.volvo.mfg.StepDefinition.DriverSuite">
    <ignored/>
  </testcase> <!-- AGV_INPROGRESS_DELIVERY -->
  <testcase name="Vclas_Adminstration_Tab_Rooms_Functionality" time="0.0" classname="com.volvo.mfg.StepDefinition.DriverSuite">
    <ignored/>
  </testcase> <!-- Vclas_Adminstration_Tab_Rooms_Functionality -->
  <testcase name="initiatingTugger" time="0.0" classname="com.volvo.mfg.StepDefinition.DriverSuite">
    <ignored/>
  </testcase> <!-- initiatingTugger -->
  <testcase name="MASWEB_LDJIT_Place_Type_Error_Message" time="0.0" classname="com.volvo.mfg.StepDefinition.DriverSuite">
    <ignored/>
  </testcase> <!-- MASWEB_LDJIT_Place_Type_Error_Message -->
  <testcase name="AGV_RACKCHANGER" time="0.0" classname="com.volvo.mfg.StepDefinition.DriverSuite">
    <ignored/>
  </testcase> <!-- AGV_RACKCHANGER -->
  <testcase name="V60_NormalStation" time="0.0" classname="com.volvo.mfg.StepDefinition.DriverSuite">
    <ignored/>
  </testcase> <!-- V60_NormalStation -->
  <testcase name="AGV_Picking_Multiple_Assignments_delivery" time="0.0" classname="com.volvo.mfg.StepDefinition.DriverSuite">
    <ignored/>
  </testcase> <!-- AGV_Picking_Multiple_Assignments_delivery -->
  <testcase name="Production_Plockan" time="0.0" classname="com.volvo.mfg.StepDefinition.DriverSuite">
    <ignored/>
  </testcase> <!-- Production_Plockan -->
  <testcase name="Production_Consumption" time="0.0" classname="com.volvo.mfg.StepDefinition.DriverSuite">
    <ignored/>
  </testcase> <!-- Production_Consumption -->
  <testcase name="AGV_SHORTAGE_DELIVERY" time="0.0" classname="com.volvo.mfg.StepDefinition.DriverSuite">
    <ignored/>
  </testcase> <!-- AGV_SHORTAGE_DELIVERY -->
  <testcase name="CREATERACK" time="0.0" classname="com.volvo.mfg.StepDefinition.DriverSuite">
    <ignored/>
  </testcase> <!-- CREATERACK -->
  <testcase name="Vclas_Adminstration_Tab_TAT_Functionality" time="0.0" classname="com.volvo.mfg.StepDefinition.DriverSuite">
    <ignored/>
  </testcase> <!-- Vclas_Adminstration_Tab_TAT_Functionality -->
  <testcase name="Verifystatus" time="0.0" classname="com.volvo.mfg.StepDefinition.DriverSuite">
    <ignored/>
  </testcase> <!-- Verifystatus -->
  <testcase name="MASWEB_Favorites_Tab" time="0.0" classname="com.volvo.mfg.StepDefinition.DriverSuite">
    <ignored/>
  </testcase> <!-- MASWEB_Favorites_Tab -->
  <testcase name="BLUEBOX" time="0.0" classname="com.volvo.mfg.StepDefinition.DriverSuite">
    <ignored/>
  </testcase> <!-- BLUEBOX -->
</testsuite> <!-- ADMIN_FLOW -->
